2025-07-28 21:03:28,163 - INFO - [32mSuccessfully connected to Demo API. Server time: {'serverTime': 1753716808163}[0m
2025-07-28 21:03:28,170 - INFO - [32mDemo mode enabled - All operations are simulated[0m
2025-07-28 21:03:28,172 - INFO - [32mAvailable operations: Market data, price info, symbol info, simulated trading[0m
2025-07-28 21:03:28,816 - INFO - [32mSuccessfully connected to Demo API. Server time: {'serverTime': 1753716808816}[0m
2025-07-28 21:03:28,825 - INFO - [32mDemo mode enabled - All operations are simulated[0m
2025-07-28 21:03:28,827 - INFO - [32mAvailable operations: Market data, price info, symbol info, simulated trading[0m
2025-07-28 21:11:27,486 - INFO - [32mSuccessfully connected to Demo API. Server time: {'serverTime': 1753717287486}[0m
2025-07-28 21:11:27,490 - INFO - [32mDemo mode enabled - All operations are simulated[0m
2025-07-28 21:11:27,490 - INFO - [32mAvailable operations: Market data, price info, symbol info, simulated trading[0m
2025-07-28 21:11:28,002 - INFO - [32mSuccessfully connected to Demo API. Server time: {'serverTime': 1753717288002}[0m
2025-07-28 21:11:28,002 - INFO - [32mDemo mode enabled - All operations are simulated[0m
2025-07-28 21:11:28,003 - INFO - [32mAvailable operations: Market data, price info, symbol info, simulated trading[0m
2025-07-28 21:11:55,530 - INFO - [32mGetting klines for ETHUSDT with interval 1h[0m
2025-07-28 21:11:55,536 - INFO - [32mRetrieved 100 klines for ETHUSDT[0m
2025-07-28 21:11:58,984 - INFO - [32mGetting klines for BTCUSDT with interval 1h[0m
2025-07-28 21:11:58,987 - INFO - [32mRetrieved 100 klines for BTCUSDT[0m
2025-07-28 21:12:01,423 - INFO - [32mGetting klines for BTCUSDT with interval 5m[0m
2025-07-28 21:12:01,425 - INFO - [32mRetrieved 100 klines for BTCUSDT[0m
2025-07-28 21:15:42,128 - INFO - [32mGetting klines for BTCUSDT with interval 1h[0m
2025-07-28 21:15:42,143 - INFO - [32mRetrieved 100 klines for BTCUSDT[0m
2025-07-28 21:15:43,937 - INFO - [32mGetting klines for BTCUSDT with interval 1h[0m
2025-07-28 21:15:43,941 - INFO - [32mRetrieved 100 klines for BTCUSDT[0m
2025-07-28 21:15:46,872 - INFO - [32mGetting klines for BTCUSDT with interval 1h[0m
2025-07-28 21:15:46,883 - INFO - [32mRetrieved 100 klines for BTCUSDT[0m
2025-07-28 21:15:48,401 - INFO - [32mGetting klines for BTCUSDT with interval 1h[0m
2025-07-28 21:15:48,405 - INFO - [32mRetrieved 100 klines for BTCUSDT[0m
2025-07-28 21:15:49,926 - INFO - [32mGetting klines for BTCUSDT with interval 1h[0m
2025-07-28 21:15:49,932 - INFO - [32mRetrieved 100 klines for BTCUSDT[0m
2025-07-28 21:15:51,585 - INFO - [32mGetting klines for BTCUSDT with interval 1h[0m
2025-07-28 21:15:51,592 - INFO - [32mRetrieved 100 klines for BTCUSDT[0m
2025-07-28 21:16:02,505 - INFO - [32mGetting klines for BTCUSDT with interval 5m[0m
2025-07-28 21:16:02,508 - INFO - [32mRetrieved 100 klines for BTCUSDT[0m
2025-07-28 21:16:03,787 - INFO - [32mGetting klines for BTCUSDT with interval 15m[0m
2025-07-28 21:16:03,790 - INFO - [32mRetrieved 100 klines for BTCUSDT[0m
2025-07-28 21:16:04,631 - INFO - [32mGetting klines for BTCUSDT with interval 1h[0m
2025-07-28 21:16:04,638 - INFO - [32mRetrieved 100 klines for BTCUSDT[0m
2025-07-28 21:16:06,235 - INFO - [32mGetting klines for BTCUSDT with interval 1m[0m
2025-07-28 21:16:06,247 - INFO - [32mRetrieved 100 klines for BTCUSDT[0m
2025-07-28 21:17:17,147 - INFO - [32mGetting klines for BTCUSDT with interval 1h[0m
2025-07-28 21:17:17,162 - INFO - [32mRetrieved 100 klines for BTCUSDT[0m
2025-07-28 21:17:18,486 - INFO - [32mGetting klines for BTCUSDT with interval 1h[0m
2025-07-28 21:17:18,488 - INFO - [32mRetrieved 100 klines for BTCUSDT[0m
2025-07-28 21:17:19,381 - INFO - [32mGetting klines for BTCUSDT with interval 1h[0m
2025-07-28 21:17:19,385 - INFO - [32mRetrieved 100 klines for BTCUSDT[0m
2025-07-28 21:17:20,762 - INFO - [32mGetting klines for BTCUSDT with interval 1h[0m
2025-07-28 21:17:20,763 - INFO - [32mRetrieved 100 klines for BTCUSDT[0m
2025-07-28 21:17:23,357 - INFO - [32mGetting klines for BTCUSDT with interval 1h[0m
2025-07-28 21:17:23,362 - INFO - [32mRetrieved 100 klines for BTCUSDT[0m
2025-07-28 21:17:24,969 - INFO - [32mGetting klines for BTCUSDT with interval 1h[0m
2025-07-28 21:17:24,970 - INFO - [32mRetrieved 100 klines for BTCUSDT[0m
2025-07-28 21:17:25,922 - INFO - [32mGetting klines for BTCUSDT with interval 1h[0m
2025-07-28 21:17:25,924 - INFO - [32mRetrieved 100 klines for BTCUSDT[0m
2025-07-28 21:17:27,586 - INFO - [32mGetting klines for BTCUSDT with interval 1h[0m
2025-07-28 21:17:27,588 - INFO - [32mRetrieved 100 klines for BTCUSDT[0m
2025-07-28 21:17:28,465 - INFO - [32mGetting klines for BTCUSDT with interval 1h[0m
2025-07-28 21:17:28,468 - INFO - [32mRetrieved 100 klines for BTCUSDT[0m
2025-07-28 21:17:29,850 - INFO - [32mGetting klines for BTCUSDT with interval 1h[0m
2025-07-28 21:17:29,852 - INFO - [32mRetrieved 100 klines for BTCUSDT[0m
2025-07-28 21:17:31,343 - INFO - [32mGetting klines for BTCUSDT with interval 5m[0m
2025-07-28 21:17:31,344 - INFO - [32mRetrieved 100 klines for BTCUSDT[0m
2025-07-28 21:17:32,717 - INFO - [32mGetting klines for BTCUSDT with interval 15m[0m
2025-07-28 21:17:32,718 - INFO - [32mRetrieved 100 klines for BTCUSDT[0m
2025-07-28 21:17:34,183 - INFO - [32mGetting klines for BTCUSDT with interval 15m[0m
2025-07-28 21:17:34,184 - INFO - [32mRetrieved 100 klines for BTCUSDT[0m
2025-07-28 21:17:35,591 - INFO - [32mGetting klines for BTCUSDT with interval 15m[0m
2025-07-28 21:17:35,593 - INFO - [32mRetrieved 100 klines for BTCUSDT[0m
2025-07-28 21:17:38,418 - INFO - [32mGetting klines for BTCUSDT with interval 1h[0m
2025-07-28 21:17:38,429 - INFO - [32mRetrieved 100 klines for BTCUSDT[0m
2025-07-28 21:17:46,326 - INFO - [32mGetting klines for BTCUSDT with interval 1h[0m
2025-07-28 21:17:46,337 - INFO - [32mRetrieved 100 klines for BTCUSDT[0m
2025-07-28 21:17:49,928 - INFO - [32mGetting klines for BTCUSDT with interval 1h[0m
2025-07-28 21:17:49,933 - INFO - [32mRetrieved 100 klines for BTCUSDT[0m
2025-07-28 21:17:53,897 - INFO - [32mGetting klines for BTCUSDT with interval 1h[0m
2025-07-28 21:17:53,900 - INFO - [32mRetrieved 100 klines for BTCUSDT[0m
2025-07-28 21:24:15,214 - INFO - [32mGetting klines for BTCUSDT with interval 1h[0m
2025-07-28 21:24:15,216 - INFO - [32mRetrieved 100 klines for BTCUSDT[0m
2025-07-28 21:24:16,994 - INFO - [32mGetting klines for BTCUSDT with interval 1h[0m
2025-07-28 21:24:16,998 - INFO - [32mRetrieved 100 klines for BTCUSDT[0m
2025-07-28 21:24:18,163 - INFO - [32mGetting klines for BTCUSDT with interval 1h[0m
2025-07-28 21:24:18,166 - INFO - [32mRetrieved 100 klines for BTCUSDT[0m
2025-07-28 21:24:19,691 - INFO - [32mGetting klines for BTCUSDT with interval 1h[0m
2025-07-28 21:24:19,693 - INFO - [32mRetrieved 100 klines for BTCUSDT[0m
2025-07-28 21:24:23,952 - INFO - [32mGetting klines for BTCUSDT with interval 1h[0m
2025-07-28 21:24:23,953 - INFO - [32mRetrieved 100 klines for BTCUSDT[0m
2025-07-28 21:24:25,817 - INFO - [32mGetting klines for BTCUSDT with interval 1h[0m
2025-07-28 21:24:25,820 - INFO - [32mRetrieved 100 klines for BTCUSDT[0m
2025-07-28 21:30:14,855 - INFO - [32mCancelling order 12345 for BTCUSDT[0m
2025-07-28 21:30:14,860 - ERROR - [31mError cancelling order: Order 12345 not found[0m
2025-07-28 21:30:17,107 - INFO - [32mCancelling order 12345 for BTCUSDT[0m
2025-07-28 21:30:17,108 - ERROR - [31mError cancelling order: Order 12345 not found[0m
2025-07-28 21:30:18,152 - INFO - [32mCancelling order 12345 for BTCUSDT[0m
2025-07-28 21:30:18,155 - ERROR - [31mError cancelling order: Order 12345 not found[0m
2025-07-28 21:30:19,783 - INFO - [32mCancelling order 12345 for BTCUSDT[0m
2025-07-28 21:30:19,785 - ERROR - [31mError cancelling order: Order 12345 not found[0m
2025-07-28 21:30:56,121 - INFO - [32mCancelling order 12345 for BTCUSDT[0m
2025-07-28 21:30:56,124 - ERROR - [31mError cancelling order: Order 12345 not found[0m
2025-07-28 21:30:59,251 - INFO - [32mCancelling order 12346 for ETHUSDT[0m
2025-07-28 21:30:59,254 - ERROR - [31mError cancelling order: Order 12346 not found[0m
2025-07-28 21:36:40,252 - INFO - [32mSuccessfully connected to Demo API. Server time: {'serverTime': 1753718800252}[0m
2025-07-28 21:36:40,254 - INFO - [32mDemo mode enabled - All operations are simulated[0m
2025-07-28 21:36:40,254 - INFO - [32mAvailable operations: Market data, price info, symbol info, simulated trading[0m
2025-07-28 21:36:40,841 - INFO - [32mSuccessfully connected to Demo API. Server time: {'serverTime': 1753718800841}[0m
2025-07-28 21:36:40,842 - INFO - [32mDemo mode enabled - All operations are simulated[0m
2025-07-28 21:36:40,842 - INFO - [32mAvailable operations: Market data, price info, symbol info, simulated trading[0m
2025-07-28 21:40:48,398 - INFO - [32mGetting klines for BTCUSDT with interval 1h[0m
2025-07-28 21:40:48,404 - INFO - [32mRetrieved 100 klines for BTCUSDT[0m
2025-07-28 21:40:49,514 - INFO - [32mGetting klines for BTCUSDT with interval 1h[0m
2025-07-28 21:40:49,517 - INFO - [32mRetrieved 100 klines for BTCUSDT[0m
2025-07-28 21:40:51,140 - INFO - [32mGetting klines for BTCUSDT with interval 1h[0m
2025-07-28 21:40:51,143 - INFO - [32mRetrieved 100 klines for BTCUSDT[0m
2025-07-28 21:40:52,703 - INFO - [32mGetting klines for BTCUSDT with interval 1h[0m
2025-07-28 21:40:52,708 - INFO - [32mRetrieved 100 klines for BTCUSDT[0m
2025-07-28 21:41:15,271 - INFO - [32mCancelling all open orders[0m
2025-07-28 21:41:15,274 - INFO - [32mGetting open orders[0m
2025-07-28 21:41:15,277 - INFO - [32mFound 0 open orders[0m
2025-07-28 21:41:15,279 - INFO - [32mAPI Call: futures_get_open_orders[0m
2025-07-28 21:41:15,280 - INFO - [32mCancelled 0 orders[0m
2025-07-28 21:43:47,303 - INFO - [32mGetting klines for BTCUSDT with interval 1h[0m
2025-07-28 21:43:47,310 - INFO - [32mRetrieved 100 klines for BTCUSDT[0m
2025-07-28 21:44:17,443 - INFO - [32mCancelling order 12345 for BTCUSDT[0m
2025-07-28 21:44:17,446 - ERROR - [31mError cancelling order: Order 12345 not found[0m
2025-07-28 21:44:21,405 - INFO - [32mCancelling all open orders[0m
2025-07-28 21:44:21,407 - INFO - [32mGetting open orders[0m
2025-07-28 21:44:21,409 - INFO - [32mFound 0 open orders[0m
2025-07-28 21:44:21,411 - INFO - [32mAPI Call: futures_get_open_orders[0m
2025-07-28 21:44:21,413 - INFO - [32mCancelled 0 orders[0m
2025-07-28 21:46:46,067 - INFO - [32mGetting klines for ADAUSDT with interval 1h[0m
2025-07-28 21:46:46,074 - INFO - [32mRetrieved 100 klines for ADAUSDT[0m
2025-07-28 21:47:00,906 - INFO - [32mGetting klines for ADAUSDT with interval 1h[0m
2025-07-28 21:47:00,921 - INFO - [32mRetrieved 100 klines for ADAUSDT[0m
2025-07-28 21:48:23,776 - INFO - [32mCancelling order 12345 for BTCUSDT[0m
2025-07-28 21:48:23,778 - ERROR - [31mError cancelling order: Order 12345 not found[0m
2025-07-28 21:48:28,873 - INFO - [32mCancelling all open orders[0m
2025-07-28 21:48:28,882 - INFO - [32mGetting open orders[0m
2025-07-28 21:48:28,889 - INFO - [32mFound 0 open orders[0m
2025-07-28 21:48:28,892 - INFO - [32mAPI Call: futures_get_open_orders[0m
2025-07-28 21:48:28,899 - INFO - [32mCancelled 0 orders[0m
2025-07-28 21:48:29,428 - INFO - [32mCancelling all open orders[0m
2025-07-28 21:48:29,433 - INFO - [32mGetting open orders[0m
2025-07-28 21:48:29,436 - INFO - [32mFound 0 open orders[0m
2025-07-28 21:48:29,449 - INFO - [32mAPI Call: futures_get_open_orders[0m
2025-07-28 21:48:29,453 - INFO - [32mCancelled 0 orders[0m
2025-07-28 21:48:32,098 - INFO - [32mCancelling order 12345 for BTCUSDT[0m
2025-07-28 21:48:32,112 - ERROR - [31mError cancelling order: Order 12345 not found[0m
2025-07-28 21:48:45,553 - INFO - [32mGetting klines for ETHUSDT with interval 1h[0m
2025-07-28 21:48:45,560 - INFO - [32mRetrieved 100 klines for ETHUSDT[0m
2025-07-28 21:49:14,297 - INFO - [32mGetting klines for ETHUSDT with interval 1h[0m
2025-07-28 21:49:14,315 - INFO - [32mRetrieved 100 klines for ETHUSDT[0m
2025-07-28 22:21:02,187 - INFO - [32mGetting klines for ETHUSDT with interval 1h[0m
2025-07-28 22:21:02,191 - INFO - [32mRetrieved 100 klines for ETHUSDT[0m
2025-07-28 22:23:28,629 - INFO - [32mCancelling order 12345 for BTCUSDT[0m
2025-07-28 22:23:28,635 - ERROR - [31mError cancelling order: Order 12345 not found[0m
2025-07-28 22:28:59,324 - INFO - [32mGetting klines for ADAUSDT with interval 1h[0m
2025-07-28 22:28:59,341 - INFO - [32mRetrieved 100 klines for ADAUSDT[0m
2025-07-28 22:30:19,307 - INFO - [32mGetting klines for BNBUSDT with interval 1h[0m
2025-07-28 22:30:19,320 - INFO - [32mRetrieved 100 klines for BNBUSDT[0m
2025-07-28 22:34:54,588 - INFO - [32mSuccessfully connected to Demo API. Server time: {'serverTime': 1753722294588}[0m
2025-07-28 22:34:54,591 - INFO - [32mDemo mode enabled - All operations are simulated[0m
2025-07-28 22:34:54,592 - INFO - [32mAvailable operations: Market data, price info, symbol info, simulated trading[0m
2025-07-28 22:34:55,336 - INFO - [32mSuccessfully connected to Demo API. Server time: {'serverTime': 1753722295336}[0m
2025-07-28 22:34:55,338 - INFO - [32mDemo mode enabled - All operations are simulated[0m
2025-07-28 22:34:55,339 - INFO - [32mAvailable operations: Market data, price info, symbol info, simulated trading[0m
2025-07-28 22:35:38,014 - INFO - [32mGetting klines for ETHUSDT with interval 1h[0m
2025-07-28 22:35:38,029 - INFO - [32mRetrieved 100 klines for ETHUSDT[0m
2025-07-28 22:35:40,447 - INFO - [32mGetting klines for BTCUSDT with interval 1h[0m
2025-07-28 22:35:40,451 - INFO - [32mRetrieved 100 klines for BTCUSDT[0m
2025-09-07 18:27:57,297 - INFO - [32mSuccessfully connected to Demo API. Server time: {'serverTime': 1757249877297}[0m
2025-09-07 18:27:57,300 - INFO - [32mDemo mode enabled - All operations are simulated[0m
2025-09-07 18:27:57,301 - INFO - [32mAvailable operations: Market data, price info, symbol info, simulated trading[0m
2025-09-07 18:27:57,866 - INFO - [32mSuccessfully connected to Demo API. Server time: {'serverTime': 1757249877866}[0m
2025-09-07 18:27:57,867 - INFO - [32mDemo mode enabled - All operations are simulated[0m
2025-09-07 18:27:57,867 - INFO - [32mAvailable operations: Market data, price info, symbol info, simulated trading[0m
2025-09-07 18:28:35,716 - INFO - [32mCancelling order 12345 for BTCUSDT[0m
2025-09-07 18:28:35,717 - ERROR - [31mError cancelling order: Order 12345 not found[0m
2025-09-07 18:28:53,600 - INFO - [32mGetting klines for ETHUSDT with interval 1h[0m
2025-09-07 18:28:53,609 - INFO - [32mRetrieved 100 klines for ETHUSDT[0m
2025-09-07 18:28:57,654 - INFO - [32mGetting klines for BTCUSDT with interval 1h[0m
2025-09-07 18:28:57,659 - INFO - [32mRetrieved 100 klines for BTCUSDT[0m
2025-09-07 18:59:49,366 - INFO - [32mGetting current price for BTCUSDT[0m
2025-09-07 18:59:49,367 - INFO - [32mCurrent price for BTCUSDT: 50715.78[0m
2025-09-07 18:59:49,499 - INFO - [32mAPI Call: futures_account | Response: {'canTrade': True, 'canWithdraw': True, 'canDeposit': True, 'updateTime': 1757251789499, 'assets': [{'asset': 'USDT', 'walletBalance': '10000.00', 'unrealizedPnl': '0.00', 'marginBalance': '10000.00', 'availableBalance': '10000.00'}], 'positions': [{'symbol': 'BTCUSDT', 'positionAmt': '0.000', 'entryPrice': '0.00', 'markPrice': '0.00', 'unRealizedProfit': '0.00'}, {'symbol': 'ETHUSDT', 'positionAmt': '0.000', 'entryPrice': '0.00', 'markPrice': '0.00', 'unRealizedProfit': '0.00'}]}[0m
2025-09-07 18:59:49,500 - INFO - [32mGetting open orders[0m
2025-09-07 18:59:49,501 - INFO - [32mGetting recent trades for BTCUSDT[0m
2025-09-07 18:59:49,511 - INFO - [32mFound 0 open orders[0m
2025-09-07 18:59:49,512 - INFO - [32mRetrieved 20 recent trades for BTCUSDT[0m
2025-09-07 18:59:49,513 - INFO - [32mAPI Call: futures_get_open_orders | Params: {'symbol': 'BTCUSDT'}[0m
2025-09-07 18:59:53,801 - INFO - [32mGetting current price for BTCUSDT[0m
2025-09-07 18:59:53,802 - INFO - [32mCurrent price for BTCUSDT: 49248.07[0m
2025-09-07 18:59:59,202 - INFO - [32mGetting current price for BTCUSDT[0m
2025-09-07 18:59:59,204 - INFO - [32mGetting recent trades for BTCUSDT[0m
2025-09-07 18:59:59,205 - INFO - [32mCurrent price for BTCUSDT: 50715.04[0m
2025-09-07 18:59:59,206 - INFO - [32mRetrieved 20 recent trades for BTCUSDT[0m
2025-09-07 19:00:03,791 - INFO - [32mGetting current price for ADAUSDT[0m
2025-09-07 19:00:03,793 - INFO - [32mCurrent price for ADAUSDT: 0.50[0m
2025-09-07 19:00:04,104 - INFO - [32mGetting klines for ADAUSDT with interval 1h[0m
2025-09-07 19:00:04,107 - INFO - [32mRetrieved 100 klines for ADAUSDT[0m
2025-09-07 19:00:04,123 - INFO - [32mGetting current price for ADAUSDT[0m
2025-09-07 19:00:04,129 - INFO - [32mCurrent price for ADAUSDT: 0.50[0m
2025-09-07 19:00:08,653 - INFO - [32mGetting current price for BTCUSDT[0m
2025-09-07 19:00:08,655 - INFO - [32mGetting klines for BTCUSDT with interval 1h[0m
2025-09-07 19:00:08,655 - INFO - [32mCurrent price for BTCUSDT: 49637.09[0m
2025-09-07 19:00:08,659 - INFO - [32mRetrieved 100 klines for BTCUSDT[0m
2025-09-07 19:00:08,915 - INFO - [32mGetting current price for BTCUSDT[0m
2025-09-07 19:00:08,916 - INFO - [32mCurrent price for BTCUSDT: 50376.72[0m
2025-09-07 19:00:09,117 - INFO - [32mGetting recent trades for BTCUSDT[0m
2025-09-07 19:00:09,119 - INFO - [32mRetrieved 20 recent trades for BTCUSDT[0m
2025-09-07 19:00:13,808 - INFO - [32mGetting current price for BTCUSDT[0m
2025-09-07 19:00:13,809 - INFO - [32mCurrent price for BTCUSDT: 50655.61[0m
2025-09-07 19:00:19,124 - INFO - [32mGetting current price for BTCUSDT[0m
2025-09-07 19:00:19,127 - INFO - [32mGetting recent trades for BTCUSDT[0m
2025-09-07 19:00:19,129 - INFO - [32mCurrent price for BTCUSDT: 50555.71[0m
2025-09-07 19:00:19,133 - INFO - [32mGetting open orders[0m
2025-09-07 19:00:19,137 - INFO - [32mRetrieved 20 recent trades for BTCUSDT[0m
2025-09-07 19:00:19,159 - INFO - [32mFound 0 open orders[0m
2025-09-07 19:00:19,203 - INFO - [32mAPI Call: futures_get_open_orders | Params: {'symbol': 'BTCUSDT'}[0m
2025-09-07 19:00:23,803 - INFO - [32mGetting current price for BTCUSDT[0m
2025-09-07 19:00:23,805 - INFO - [32mCurrent price for BTCUSDT: 50506.13[0m
2025-09-07 19:00:29,112 - INFO - [32mGetting current price for BTCUSDT[0m
2025-09-07 19:00:29,119 - INFO - [32mGetting recent trades for BTCUSDT[0m
2025-09-07 19:00:29,120 - INFO - [32mCurrent price for BTCUSDT: 50389.30[0m
2025-09-07 19:00:29,122 - INFO - [32mRetrieved 20 recent trades for BTCUSDT[0m
2025-09-07 19:00:33,800 - INFO - [32mGetting current price for BTCUSDT[0m
2025-09-07 19:00:33,802 - INFO - [32mCurrent price for BTCUSDT: 50276.82[0m
2025-09-07 19:00:39,115 - INFO - [32mGetting current price for BTCUSDT[0m
2025-09-07 19:00:39,125 - INFO - [32mGetting recent trades for BTCUSDT[0m
2025-09-07 19:00:39,126 - INFO - [32mCurrent price for BTCUSDT: 49776.54[0m
2025-09-07 19:00:39,128 - INFO - [32mRetrieved 20 recent trades for BTCUSDT[0m
2025-09-07 19:00:43,810 - INFO - [32mGetting current price for BTCUSDT[0m
2025-09-07 19:00:43,812 - INFO - [32mCurrent price for BTCUSDT: 49418.11[0m
2025-09-07 19:00:49,110 - INFO - [32mGetting current price for BTCUSDT[0m
2025-09-07 19:00:49,114 - INFO - [32mGetting recent trades for BTCUSDT[0m
2025-09-07 19:00:49,117 - INFO - [32mCurrent price for BTCUSDT: 49913.95[0m
2025-09-07 19:00:49,120 - INFO - [32mGetting open orders[0m
2025-09-07 19:00:49,125 - INFO - [32mRetrieved 20 recent trades for BTCUSDT[0m
2025-09-07 19:00:49,137 - INFO - [32mFound 0 open orders[0m
2025-09-07 19:00:49,174 - INFO - [32mAPI Call: futures_get_open_orders | Params: {'symbol': 'BTCUSDT'}[0m
2025-09-07 19:00:53,798 - INFO - [32mGetting current price for BTCUSDT[0m
2025-09-07 19:00:53,799 - INFO - [32mCurrent price for BTCUSDT: 50846.30[0m
2025-09-07 19:00:59,123 - INFO - [32mGetting current price for BTCUSDT[0m
2025-09-07 19:00:59,127 - INFO - [32mGetting recent trades for BTCUSDT[0m
2025-09-07 19:00:59,129 - INFO - [32mCurrent price for BTCUSDT: 49073.54[0m
2025-09-07 19:00:59,131 - INFO - [32mRetrieved 20 recent trades for BTCUSDT[0m
2025-09-07 19:01:03,808 - INFO - [32mGetting current price for BTCUSDT[0m
2025-09-07 19:01:03,812 - INFO - [32mCurrent price for BTCUSDT: 50434.89[0m
2025-09-07 19:01:09,122 - INFO - [32mGetting current price for BTCUSDT[0m
2025-09-07 19:01:09,124 - INFO - [32mCurrent price for BTCUSDT: 50256.17[0m
2025-09-07 19:01:09,127 - INFO - [32mGetting recent trades for BTCUSDT[0m
2025-09-07 19:01:09,137 - INFO - [32mRetrieved 20 recent trades for BTCUSDT[0m
2025-09-07 19:01:13,803 - INFO - [32mGetting current price for BTCUSDT[0m
2025-09-07 19:01:13,807 - INFO - [32mCurrent price for BTCUSDT: 49624.17[0m
2025-09-07 19:01:19,111 - INFO - [32mGetting current price for BTCUSDT[0m
2025-09-07 19:01:19,114 - INFO - [32mGetting recent trades for BTCUSDT[0m
2025-09-07 19:01:19,115 - INFO - [32mGetting open orders[0m
2025-09-07 19:01:19,116 - INFO - [32mCurrent price for BTCUSDT: 49708.57[0m
2025-09-07 19:01:19,119 - INFO - [32mRetrieved 20 recent trades for BTCUSDT[0m
2025-09-07 19:01:19,121 - INFO - [32mFound 0 open orders[0m
2025-09-07 19:01:19,141 - INFO - [32mAPI Call: futures_get_open_orders | Params: {'symbol': 'BTCUSDT'}[0m
2025-09-07 19:01:23,810 - INFO - [32mGetting current price for BTCUSDT[0m
2025-09-07 19:01:23,812 - INFO - [32mCurrent price for BTCUSDT: 50595.13[0m
2025-09-07 19:01:29,118 - INFO - [32mGetting current price for BTCUSDT[0m
2025-09-07 19:01:29,122 - INFO - [32mGetting recent trades for BTCUSDT[0m
2025-09-07 19:01:29,123 - INFO - [32mCurrent price for BTCUSDT: 49666.71[0m
2025-09-07 19:01:29,128 - INFO - [32mRetrieved 20 recent trades for BTCUSDT[0m
2025-09-07 19:01:33,799 - INFO - [32mGetting current price for BTCUSDT[0m
2025-09-07 19:01:33,801 - INFO - [32mCurrent price for BTCUSDT: 49109.93[0m
2025-09-07 19:01:39,117 - INFO - [32mGetting current price for BTCUSDT[0m
2025-09-07 19:01:39,121 - INFO - [32mCurrent price for BTCUSDT: 50768.97[0m
2025-09-07 19:01:39,125 - INFO - [32mGetting recent trades for BTCUSDT[0m
2025-09-07 19:01:39,132 - INFO - [32mRetrieved 20 recent trades for BTCUSDT[0m
2025-09-07 19:01:43,804 - INFO - [32mGetting current price for BTCUSDT[0m
2025-09-07 19:01:43,806 - INFO - [32mCurrent price for BTCUSDT: 50301.96[0m
2025-09-07 19:01:49,118 - INFO - [32mGetting current price for BTCUSDT[0m
2025-09-07 19:01:49,119 - INFO - [32mGetting recent trades for BTCUSDT[0m
2025-09-07 19:01:49,121 - INFO - [32mCurrent price for BTCUSDT: 49320.08[0m
2025-09-07 19:01:49,123 - INFO - [32mGetting open orders[0m
2025-09-07 19:01:49,126 - INFO - [32mRetrieved 20 recent trades for BTCUSDT[0m
2025-09-07 19:01:49,138 - INFO - [32mFound 0 open orders[0m
2025-09-07 19:01:49,185 - INFO - [32mAPI Call: futures_get_open_orders | Params: {'symbol': 'BTCUSDT'}[0m
2025-09-07 19:01:53,803 - INFO - [32mGetting current price for BTCUSDT[0m
2025-09-07 19:01:53,805 - INFO - [32mCurrent price for BTCUSDT: 49449.49[0m
2025-09-07 19:01:59,113 - INFO - [32mGetting current price for BTCUSDT[0m
2025-09-07 19:01:59,116 - INFO - [32mCurrent price for BTCUSDT: 49882.57[0m
2025-09-07 19:01:59,119 - INFO - [32mGetting recent trades for BTCUSDT[0m
2025-09-07 19:01:59,129 - INFO - [32mRetrieved 20 recent trades for BTCUSDT[0m
2025-09-07 19:02:03,804 - INFO - [32mGetting current price for BTCUSDT[0m
2025-09-07 19:02:03,806 - INFO - [32mCurrent price for BTCUSDT: 50887.56[0m
2025-09-07 19:02:09,119 - INFO - [32mGetting current price for BTCUSDT[0m
2025-09-07 19:02:09,124 - INFO - [32mGetting recent trades for BTCUSDT[0m
2025-09-07 19:02:09,124 - INFO - [32mCurrent price for BTCUSDT: 49385.97[0m
2025-09-07 19:02:09,129 - INFO - [32mRetrieved 20 recent trades for BTCUSDT[0m
2025-09-07 19:02:13,806 - INFO - [32mGetting current price for BTCUSDT[0m
2025-09-07 19:02:13,809 - INFO - [32mCurrent price for BTCUSDT: 50583.55[0m
2025-09-07 19:02:19,111 - INFO - [32mGetting current price for BTCUSDT[0m
2025-09-07 19:02:19,114 - INFO - [32mGetting recent trades for BTCUSDT[0m
2025-09-07 19:02:19,117 - INFO - [32mGetting open orders[0m
2025-09-07 19:02:19,121 - INFO - [32mCurrent price for BTCUSDT: 49432.32[0m
2025-09-07 19:02:19,125 - INFO - [32mRetrieved 20 recent trades for BTCUSDT[0m
2025-09-07 19:02:19,128 - INFO - [32mFound 0 open orders[0m
2025-09-07 19:02:19,139 - INFO - [32mAPI Call: futures_get_open_orders | Params: {'symbol': 'BTCUSDT'}[0m
2025-09-07 19:02:23,800 - INFO - [32mGetting current price for BTCUSDT[0m
2025-09-07 19:02:23,801 - INFO - [32mCurrent price for BTCUSDT: 49316.85[0m
2025-09-07 19:02:29,115 - INFO - [32mGetting current price for BTCUSDT[0m
2025-09-07 19:02:29,117 - INFO - [32mGetting recent trades for BTCUSDT[0m
2025-09-07 19:02:29,120 - INFO - [32mCurrent price for BTCUSDT: 50235.03[0m
2025-09-07 19:02:29,126 - INFO - [32mRetrieved 20 recent trades for BTCUSDT[0m
2025-09-07 19:02:33,802 - INFO - [32mGetting current price for BTCUSDT[0m
2025-09-07 19:02:33,804 - INFO - [32mCurrent price for BTCUSDT: 49724.77[0m
2025-09-07 19:02:39,113 - INFO - [32mGetting current price for BTCUSDT[0m
2025-09-07 19:02:39,115 - INFO - [32mGetting recent trades for BTCUSDT[0m
2025-09-07 19:02:39,118 - INFO - [32mCurrent price for BTCUSDT: 50606.78[0m
2025-09-07 19:02:39,121 - INFO - [32mRetrieved 20 recent trades for BTCUSDT[0m
2025-09-07 19:02:43,808 - INFO - [32mGetting current price for BTCUSDT[0m
2025-09-07 19:02:43,809 - INFO - [32mCurrent price for BTCUSDT: 49080.16[0m
2025-09-07 19:02:49,119 - INFO - [32mGetting current price for BTCUSDT[0m
2025-09-07 19:02:49,121 - INFO - [32mGetting recent trades for BTCUSDT[0m
2025-09-07 19:02:49,125 - INFO - [32mGetting open orders[0m
2025-09-07 19:02:49,126 - INFO - [32mCurrent price for BTCUSDT: 49620.85[0m
2025-09-07 19:02:49,129 - INFO - [32mRetrieved 20 recent trades for BTCUSDT[0m
2025-09-07 19:02:49,132 - INFO - [32mFound 0 open orders[0m
2025-09-07 19:02:49,151 - INFO - [32mAPI Call: futures_get_open_orders | Params: {'symbol': 'BTCUSDT'}[0m
2025-09-07 19:02:53,802 - INFO - [32mGetting current price for BTCUSDT[0m
2025-09-07 19:02:53,804 - INFO - [32mCurrent price for BTCUSDT: 50101.49[0m
2025-09-07 19:02:59,120 - INFO - [32mGetting current price for BTCUSDT[0m
2025-09-07 19:02:59,121 - INFO - [32mCurrent price for BTCUSDT: 49577.29[0m
2025-09-07 19:02:59,124 - INFO - [32mGetting recent trades for BTCUSDT[0m
2025-09-07 19:02:59,129 - INFO - [32mRetrieved 20 recent trades for BTCUSDT[0m
2025-09-07 19:03:03,797 - INFO - [32mGetting current price for BTCUSDT[0m
2025-09-07 19:03:03,799 - INFO - [32mCurrent price for BTCUSDT: 49470.01[0m
2025-09-07 19:03:09,121 - INFO - [32mGetting current price for BTCUSDT[0m
2025-09-07 19:03:09,123 - INFO - [32mCurrent price for BTCUSDT: 50483.01[0m
2025-09-07 19:03:09,126 - INFO - [32mGetting recent trades for BTCUSDT[0m
2025-09-07 19:03:09,136 - INFO - [32mRetrieved 20 recent trades for BTCUSDT[0m
2025-09-07 19:03:13,799 - INFO - [32mGetting current price for BTCUSDT[0m
2025-09-07 19:03:13,801 - INFO - [32mCurrent price for BTCUSDT: 49282.37[0m
2025-09-07 19:03:19,118 - INFO - [32mGetting current price for BTCUSDT[0m
2025-09-07 19:03:19,121 - INFO - [32mCurrent price for BTCUSDT: 50347.42[0m
2025-09-07 19:03:19,126 - INFO - [32mGetting recent trades for BTCUSDT[0m
2025-09-07 19:03:19,133 - INFO - [32mGetting open orders[0m
2025-09-07 19:03:19,134 - INFO - [32mRetrieved 20 recent trades for BTCUSDT[0m
2025-09-07 19:03:19,148 - INFO - [32mFound 0 open orders[0m
2025-09-07 19:03:19,168 - INFO - [32mAPI Call: futures_get_open_orders | Params: {'symbol': 'BTCUSDT'}[0m
2025-09-07 19:03:23,798 - INFO - [32mGetting current price for BTCUSDT[0m
2025-09-07 19:03:23,799 - INFO - [32mCurrent price for BTCUSDT: 50235.01[0m
2025-09-07 19:31:14,497 - INFO - [32mGetting current price for BTCUSDT[0m
2025-09-07 19:31:14,498 - INFO - [32mGetting recent trades for BTCUSDT[0m
2025-09-07 19:31:14,498 - INFO - [32mGetting open orders[0m
2025-09-07 19:31:14,498 - INFO - [32mCurrent price for BTCUSDT: 49838.31[0m
2025-09-07 19:31:14,498 - INFO - [32mRetrieved 20 recent trades for BTCUSDT[0m
2025-09-07 19:31:14,499 - INFO - [32mFound 0 open orders[0m
2025-09-07 19:31:14,506 - INFO - [32mAPI Call: futures_get_open_orders | Params: {'symbol': 'BTCUSDT'}[0m
2025-09-07 19:31:18,797 - INFO - [32mGetting current price for BTCUSDT[0m
2025-09-07 19:31:18,800 - INFO - [32mCurrent price for BTCUSDT: 50270.27[0m
2025-09-07 19:31:19,110 - INFO - [32mGetting recent trades for BTCUSDT[0m
2025-09-07 19:31:19,113 - INFO - [32mRetrieved 20 recent trades for BTCUSDT[0m
2025-09-07 19:31:19,116 - INFO - [32mGetting open orders[0m
2025-09-07 19:31:19,136 - INFO - [32mFound 0 open orders[0m
2025-09-07 19:31:19,153 - INFO - [32mAPI Call: futures_get_open_orders | Params: {'symbol': 'BTCUSDT'}[0m
2025-09-07 19:31:24,116 - INFO - [32mGetting current price for BTCUSDT[0m
2025-09-07 19:31:24,143 - INFO - [32mCurrent price for BTCUSDT: 49203.52[0m
2025-09-07 19:31:28,806 - INFO - [32mGetting current price for BTCUSDT[0m
2025-09-07 19:31:28,808 - INFO - [32mCurrent price for BTCUSDT: 50899.10[0m
2025-09-07 19:31:29,122 - INFO - [32mGetting recent trades for BTCUSDT[0m
2025-09-07 19:31:29,124 - INFO - [32mRetrieved 20 recent trades for BTCUSDT[0m
2025-09-07 19:31:34,120 - INFO - [32mGetting current price for BTCUSDT[0m
2025-09-07 19:31:34,120 - INFO - [32mCurrent price for BTCUSDT: 50623.51[0m
2025-09-07 19:31:38,802 - INFO - [32mGetting current price for BTCUSDT[0m
2025-09-07 19:31:38,804 - INFO - [32mCurrent price for BTCUSDT: 49108.83[0m
2025-09-07 19:31:39,117 - INFO - [32mGetting recent trades for BTCUSDT[0m
2025-09-07 19:31:39,118 - INFO - [32mRetrieved 20 recent trades for BTCUSDT[0m
2025-09-07 19:31:44,111 - INFO - [32mGetting current price for BTCUSDT[0m
2025-09-07 19:31:44,113 - INFO - [32mCurrent price for BTCUSDT: 49703.00[0m
2025-09-07 19:31:48,800 - INFO - [32mGetting current price for BTCUSDT[0m
2025-09-07 19:31:48,801 - INFO - [32mCurrent price for BTCUSDT: 49565.67[0m
2025-09-07 19:31:49,105 - INFO - [32mGetting recent trades for BTCUSDT[0m
2025-09-07 19:31:49,107 - INFO - [32mGetting open orders[0m
2025-09-07 19:31:49,107 - INFO - [32mRetrieved 20 recent trades for BTCUSDT[0m
2025-09-07 19:31:49,108 - INFO - [32mFound 0 open orders[0m
2025-09-07 19:31:49,111 - INFO - [32mAPI Call: futures_get_open_orders | Params: {'symbol': 'BTCUSDT'}[0m
2025-09-07 19:31:54,111 - INFO - [32mGetting current price for BTCUSDT[0m
2025-09-07 19:31:54,112 - INFO - [32mCurrent price for BTCUSDT: 50368.50[0m
2025-09-07 19:31:58,802 - INFO - [32mGetting current price for BTCUSDT[0m
2025-09-07 19:31:58,804 - INFO - [32mCurrent price for BTCUSDT: 49171.32[0m
2025-09-07 19:31:59,113 - INFO - [32mGetting recent trades for BTCUSDT[0m
2025-09-07 19:31:59,115 - INFO - [32mRetrieved 20 recent trades for BTCUSDT[0m
2025-09-07 19:32:04,121 - INFO - [32mGetting current price for BTCUSDT[0m
2025-09-07 19:32:04,123 - INFO - [32mCurrent price for BTCUSDT: 49324.93[0m
2025-09-07 19:32:08,855 - INFO - [32mGetting current price for BTCUSDT[0m
2025-09-07 19:32:08,856 - INFO - [32mCurrent price for BTCUSDT: 49210.91[0m
2025-09-07 19:32:09,160 - INFO - [32mGetting recent trades for BTCUSDT[0m
2025-09-07 19:32:09,163 - INFO - [32mRetrieved 20 recent trades for BTCUSDT[0m
2025-09-07 19:32:14,421 - INFO - [32mGetting current price for BTCUSDT[0m
2025-09-07 19:32:14,422 - INFO - [32mCurrent price for BTCUSDT: 49007.58[0m
2025-09-07 19:32:18,858 - INFO - [32mGetting current price for BTCUSDT[0m
2025-09-07 19:32:18,859 - INFO - [32mCurrent price for BTCUSDT: 50984.15[0m
2025-09-07 19:32:19,168 - INFO - [32mGetting recent trades for BTCUSDT[0m
2025-09-07 19:32:19,168 - INFO - [32mRetrieved 20 recent trades for BTCUSDT[0m
2025-09-07 19:32:19,169 - INFO - [32mGetting open orders[0m
2025-09-07 19:32:19,171 - INFO - [32mFound 0 open orders[0m
2025-09-07 19:32:19,171 - INFO - [32mAPI Call: futures_get_open_orders | Params: {'symbol': 'BTCUSDT'}[0m
2025-09-07 19:32:24,172 - INFO - [32mGetting current price for BTCUSDT[0m
2025-09-07 19:32:24,173 - INFO - [32mCurrent price for BTCUSDT: 50888.03[0m
2025-09-07 19:32:28,858 - INFO - [32mGetting current price for BTCUSDT[0m
2025-09-07 19:32:28,859 - INFO - [32mCurrent price for BTCUSDT: 50566.05[0m
2025-09-07 19:32:29,163 - INFO - [32mGetting recent trades for BTCUSDT[0m
2025-09-07 19:32:29,164 - INFO - [32mRetrieved 20 recent trades for BTCUSDT[0m
2025-09-07 19:32:34,167 - INFO - [32mGetting current price for BTCUSDT[0m
2025-09-07 19:32:34,168 - INFO - [32mCurrent price for BTCUSDT: 50500.49[0m
2025-09-07 19:32:38,850 - INFO - [32mGetting current price for BTCUSDT[0m
2025-09-07 19:32:38,851 - INFO - [32mCurrent price for BTCUSDT: 49598.26[0m
2025-09-07 19:32:39,159 - INFO - [32mGetting recent trades for BTCUSDT[0m
2025-09-07 19:32:39,160 - INFO - [32mRetrieved 20 recent trades for BTCUSDT[0m
2025-09-07 19:32:44,162 - INFO - [32mGetting current price for BTCUSDT[0m
2025-09-07 19:32:44,163 - INFO - [32mCurrent price for BTCUSDT: 50321.11[0m
2025-09-07 19:32:48,863 - INFO - [32mGetting current price for BTCUSDT[0m
2025-09-07 19:32:48,865 - INFO - [32mCurrent price for BTCUSDT: 50114.42[0m
2025-09-07 19:32:49,176 - INFO - [32mGetting recent trades for BTCUSDT[0m
2025-09-07 19:32:49,177 - INFO - [32mRetrieved 20 recent trades for BTCUSDT[0m
2025-09-07 19:32:49,179 - INFO - [32mGetting open orders[0m
2025-09-07 19:32:49,182 - INFO - [32mFound 0 open orders[0m
2025-09-07 19:32:49,183 - INFO - [32mAPI Call: futures_get_open_orders | Params: {'symbol': 'BTCUSDT'}[0m
2025-09-07 19:32:54,162 - INFO - [32mGetting current price for BTCUSDT[0m
2025-09-07 19:32:54,163 - INFO - [32mCurrent price for BTCUSDT: 49879.09[0m
2025-09-07 19:32:58,856 - INFO - [32mGetting current price for BTCUSDT[0m
2025-09-07 19:32:58,856 - INFO - [32mCurrent price for BTCUSDT: 49625.72[0m
2025-09-07 19:32:59,159 - INFO - [32mGetting recent trades for BTCUSDT[0m
2025-09-07 19:32:59,160 - INFO - [32mRetrieved 20 recent trades for BTCUSDT[0m
2025-09-07 19:33:04,173 - INFO - [32mGetting current price for BTCUSDT[0m
2025-09-07 19:33:04,174 - INFO - [32mCurrent price for BTCUSDT: 50549.90[0m
2025-09-07 19:33:08,849 - INFO - [32mGetting current price for BTCUSDT[0m
2025-09-07 19:33:08,850 - INFO - [32mCurrent price for BTCUSDT: 49098.61[0m
2025-09-07 19:33:09,155 - INFO - [32mGetting recent trades for BTCUSDT[0m
2025-09-07 19:33:09,156 - INFO - [32mRetrieved 20 recent trades for BTCUSDT[0m
2025-09-07 19:33:14,181 - INFO - [32mGetting current price for BTCUSDT[0m
2025-09-07 19:33:14,182 - INFO - [32mCurrent price for BTCUSDT: 49979.99[0m
2025-09-07 19:33:37,853 - INFO - [32mGetting current price for BTCUSDT[0m
2025-09-07 19:33:37,855 - INFO - [32mCurrent price for BTCUSDT: 49450.94[0m
2025-09-07 19:33:38,164 - INFO - [32mGetting recent trades for BTCUSDT[0m
2025-09-07 19:33:38,165 - INFO - [32mGetting open orders[0m
2025-09-07 19:33:38,166 - INFO - [32mRetrieved 20 recent trades for BTCUSDT[0m
2025-09-07 19:33:38,167 - INFO - [32mFound 0 open orders[0m
2025-09-07 19:33:38,170 - INFO - [32mAPI Call: futures_get_open_orders | Params: {'symbol': 'BTCUSDT'}[0m
2025-09-07 19:34:38,182 - INFO - [32mGetting current price for BTCUSDT[0m
2025-09-07 19:34:38,183 - INFO - [32mGetting recent trades for BTCUSDT[0m
2025-09-07 19:34:38,185 - INFO - [32mGetting open orders[0m
2025-09-07 19:34:38,185 - INFO - [32mCurrent price for BTCUSDT: 49250.49[0m
2025-09-07 19:34:38,186 - INFO - [32mRetrieved 20 recent trades for BTCUSDT[0m
2025-09-07 19:34:38,187 - INFO - [32mFound 0 open orders[0m
2025-09-07 19:34:38,193 - INFO - [32mAPI Call: futures_get_open_orders | Params: {'symbol': 'BTCUSDT'}[0m
2025-09-07 19:34:41,897 - INFO - [32mGetting current price for BTCUSDT[0m
2025-09-07 19:34:41,898 - INFO - [32mCurrent price for BTCUSDT: 50104.85[0m
2025-09-07 19:34:42,211 - INFO - [32mGetting recent trades for BTCUSDT[0m
2025-09-07 19:34:42,211 - INFO - [32mRetrieved 20 recent trades for BTCUSDT[0m
2025-09-07 19:35:10,077 - INFO - [32mGetting current price for BTCUSDT[0m
2025-09-07 19:35:10,079 - INFO - [32mCurrent price for BTCUSDT: 49734.46[0m
2025-09-07 19:35:10,245 - INFO - [32mAPI Call: futures_account | Response: {'canTrade': True, 'canWithdraw': True, 'canDeposit': True, 'updateTime': 1757253910245, 'assets': [{'asset': 'USDT', 'walletBalance': '10000.00', 'unrealizedPnl': '0.00', 'marginBalance': '10000.00', 'availableBalance': '10000.00'}], 'positions': [{'symbol': 'BTCUSDT', 'positionAmt': '0.000', 'entryPrice': '0.00', 'markPrice': '0.00', 'unRealizedProfit': '0.00'}, {'symbol': 'ETHUSDT', 'positionAmt': '0.000', 'entryPrice': '0.00', 'markPrice': '0.00', 'unRealizedProfit': '0.00'}]}[0m
2025-09-07 19:35:10,246 - INFO - [32mGetting open orders[0m
2025-09-07 19:35:10,247 - INFO - [32mGetting recent trades for BTCUSDT[0m
2025-09-07 19:35:10,251 - INFO - [32mFound 0 open orders[0m
2025-09-07 19:35:10,254 - INFO - [32mRetrieved 20 recent trades for BTCUSDT[0m
2025-09-07 19:35:10,255 - INFO - [32mAPI Call: futures_get_open_orders | Params: {'symbol': 'BTCUSDT'}[0m
2025-09-07 19:35:12,862 - INFO - [32mGetting current price for ETHUSDT[0m
2025-09-07 19:35:12,889 - INFO - [32mCurrent price for ETHUSDT: 3059.78[0m
2025-09-07 19:35:13,207 - INFO - [32mGetting klines for ETHUSDT with interval 1h[0m
2025-09-07 19:35:13,260 - INFO - [32mRetrieved 100 klines for ETHUSDT[0m
2025-09-07 19:35:14,874 - INFO - [32mGetting current price for ETHUSDT[0m
2025-09-07 19:35:14,878 - INFO - [32mCurrent price for ETHUSDT: 2980.15[0m
2025-09-07 19:35:15,716 - INFO - [32mGetting current price for ADAUSDT[0m
2025-09-07 19:35:15,726 - INFO - [32mCurrent price for ADAUSDT: 0.51[0m
2025-09-07 19:35:16,039 - INFO - [32mGetting klines for ADAUSDT with interval 1h[0m
2025-09-07 19:35:16,051 - INFO - [32mRetrieved 100 klines for ADAUSDT[0m
2025-09-07 19:35:20,203 - INFO - [32mGetting current price for ADAUSDT[0m
2025-09-07 19:35:20,213 - INFO - [32mGetting recent trades for ADAUSDT[0m
2025-09-07 19:35:20,217 - INFO - [32mCurrent price for ADAUSDT: 0.50[0m
2025-09-07 19:35:20,222 - INFO - [32mRetrieved 20 recent trades for ADAUSDT[0m
2025-09-07 19:35:24,850 - INFO - [32mGetting current price for ADAUSDT[0m
2025-09-07 19:35:24,851 - INFO - [32mCurrent price for ADAUSDT: 0.51[0m
2025-09-07 19:35:30,218 - INFO - [32mGetting current price for ADAUSDT[0m
2025-09-07 19:35:30,220 - INFO - [32mGetting recent trades for ADAUSDT[0m
2025-09-07 19:35:30,223 - INFO - [32mCurrent price for ADAUSDT: 0.51[0m
2025-09-07 19:35:30,223 - INFO - [32mRetrieved 20 recent trades for ADAUSDT[0m
2025-09-07 19:35:34,863 - INFO - [32mGetting current price for ADAUSDT[0m
2025-09-07 19:35:34,864 - INFO - [32mCurrent price for ADAUSDT: 0.49[0m
2025-09-07 19:35:37,348 - INFO - [32mGetting current price for BTCUSDT[0m
2025-09-07 19:35:37,349 - INFO - [32mCurrent price for BTCUSDT: 50487.01[0m
2025-09-07 19:35:37,458 - INFO - [32mAPI Call: futures_account | Response: {'canTrade': True, 'canWithdraw': True, 'canDeposit': True, 'updateTime': 1757253937457, 'assets': [{'asset': 'USDT', 'walletBalance': '10000.00', 'unrealizedPnl': '0.00', 'marginBalance': '10000.00', 'availableBalance': '10000.00'}], 'positions': [{'symbol': 'BTCUSDT', 'positionAmt': '0.000', 'entryPrice': '0.00', 'markPrice': '0.00', 'unRealizedProfit': '0.00'}, {'symbol': 'ETHUSDT', 'positionAmt': '0.000', 'entryPrice': '0.00', 'markPrice': '0.00', 'unRealizedProfit': '0.00'}]}[0m
2025-09-07 19:35:37,459 - INFO - [32mGetting open orders[0m
2025-09-07 19:35:37,463 - INFO - [32mGetting recent trades for BTCUSDT[0m
2025-09-07 19:35:37,464 - INFO - [32mFound 0 open orders[0m
2025-09-07 19:35:37,466 - INFO - [32mRetrieved 20 recent trades for BTCUSDT[0m
2025-09-07 19:35:37,467 - INFO - [32mAPI Call: futures_get_open_orders | Params: {'symbol': 'BTCUSDT'}[0m
2025-09-07 19:35:41,838 - INFO - [32mGetting current price for BTCUSDT[0m
2025-09-07 19:35:41,840 - INFO - [32mCurrent price for BTCUSDT: 49464.51[0m
2025-09-07 19:35:45,149 - INFO - [32mGetting current price for ADAUSDT[0m
2025-09-07 19:35:45,152 - INFO - [32mGetting klines for ADAUSDT with interval 1h[0m
2025-09-07 19:35:45,156 - INFO - [32mCurrent price for ADAUSDT: 0.51[0m
2025-09-07 19:35:45,161 - INFO - [32mRetrieved 100 klines for ADAUSDT[0m
2025-09-07 19:35:46,791 - INFO - [32mGetting current price for ADAUSDT[0m
2025-09-07 19:35:46,793 - INFO - [32mCurrent price for ADAUSDT: 0.50[0m
2025-09-07 19:35:47,096 - INFO - [32mGetting recent trades for ADAUSDT[0m
2025-09-07 19:35:47,099 - INFO - [32mRetrieved 20 recent trades for ADAUSDT[0m
2025-09-07 19:35:47,461 - INFO - [32mGetting klines for ADAUSDT with interval 1h[0m
2025-09-07 19:35:47,483 - INFO - [32mRetrieved 100 klines for ADAUSDT[0m
2025-09-07 19:35:48,603 - INFO - [32mGetting klines for ADAUSDT with interval 1h[0m
2025-09-07 19:35:48,607 - INFO - [32mRetrieved 100 klines for ADAUSDT[0m
2025-09-07 19:35:50,259 - INFO - [32mGetting klines for ADAUSDT with interval 1h[0m
2025-09-07 19:35:50,263 - INFO - [32mRetrieved 100 klines for ADAUSDT[0m
2025-09-07 19:35:51,843 - INFO - [32mGetting current price for ADAUSDT[0m
2025-09-07 19:35:51,845 - INFO - [32mCurrent price for ADAUSDT: 0.51[0m
2025-09-07 19:35:57,090 - INFO - [32mGetting current price for ADAUSDT[0m
2025-09-07 19:35:57,096 - INFO - [32mGetting recent trades for ADAUSDT[0m
2025-09-07 19:35:57,097 - INFO - [32mCurrent price for ADAUSDT: 0.51[0m
2025-09-07 19:35:57,098 - INFO - [32mRetrieved 20 recent trades for ADAUSDT[0m
2025-09-07 19:36:01,792 - INFO - [32mGetting current price for ADAUSDT[0m
2025-09-07 19:36:01,793 - INFO - [32mCurrent price for ADAUSDT: 0.51[0m
2025-09-07 19:36:07,171 - INFO - [32mGetting current price for ADAUSDT[0m
2025-09-07 19:36:07,172 - INFO - [32mGetting open orders[0m
2025-09-07 19:36:07,173 - INFO - [32mCurrent price for ADAUSDT: 0.50[0m
2025-09-07 19:36:07,175 - INFO - [32mGetting recent trades for ADAUSDT[0m
2025-09-07 19:36:07,176 - INFO - [32mFound 0 open orders[0m
2025-09-07 19:36:07,179 - INFO - [32mRetrieved 20 recent trades for ADAUSDT[0m
2025-09-07 19:36:07,180 - INFO - [32mAPI Call: futures_get_open_orders | Params: {'symbol': 'ADAUSDT'}[0m
2025-09-07 19:36:11,859 - INFO - [32mGetting current price for ADAUSDT[0m
2025-09-07 19:36:11,860 - INFO - [32mCurrent price for ADAUSDT: 0.49[0m
2025-09-07 19:36:17,170 - INFO - [32mGetting current price for ADAUSDT[0m
2025-09-07 19:36:17,171 - INFO - [32mGetting recent trades for ADAUSDT[0m
2025-09-07 19:36:17,171 - INFO - [32mCurrent price for ADAUSDT: 0.50[0m
2025-09-07 19:36:17,172 - INFO - [32mRetrieved 20 recent trades for ADAUSDT[0m
2025-09-07 19:36:21,860 - INFO - [32mGetting current price for ADAUSDT[0m
2025-09-07 19:36:21,861 - INFO - [32mCurrent price for ADAUSDT: 0.49[0m
2025-09-07 19:36:27,169 - INFO - [32mGetting current price for ADAUSDT[0m
2025-09-07 19:36:27,170 - INFO - [32mCurrent price for ADAUSDT: 0.49[0m
2025-09-07 19:36:27,171 - INFO - [32mGetting recent trades for ADAUSDT[0m
2025-09-07 19:36:27,174 - INFO - [32mRetrieved 20 recent trades for ADAUSDT[0m
2025-09-07 19:36:31,855 - INFO - [32mGetting current price for ADAUSDT[0m
2025-09-07 19:36:31,856 - INFO - [32mCurrent price for ADAUSDT: 0.49[0m
2025-09-07 19:36:37,167 - INFO - [32mGetting current price for ADAUSDT[0m
2025-09-07 19:36:37,169 - INFO - [32mGetting open orders[0m
2025-09-07 19:36:37,170 - INFO - [32mGetting recent trades for ADAUSDT[0m
2025-09-07 19:36:37,170 - INFO - [32mCurrent price for ADAUSDT: 0.49[0m
2025-09-07 19:36:37,172 - INFO - [32mFound 0 open orders[0m
2025-09-07 19:36:37,173 - INFO - [32mRetrieved 20 recent trades for ADAUSDT[0m
2025-09-07 19:36:37,176 - INFO - [32mAPI Call: futures_get_open_orders | Params: {'symbol': 'ADAUSDT'}[0m
2025-09-07 19:36:41,859 - INFO - [32mGetting current price for ADAUSDT[0m
2025-09-07 19:36:41,860 - INFO - [32mCurrent price for ADAUSDT: 0.50[0m
2025-09-07 19:36:47,183 - INFO - [32mGetting current price for ADAUSDT[0m
2025-09-07 19:36:47,186 - INFO - [32mGetting recent trades for ADAUSDT[0m
2025-09-07 19:36:47,188 - INFO - [32mCurrent price for ADAUSDT: 0.50[0m
2025-09-07 19:36:47,189 - INFO - [32mRetrieved 20 recent trades for ADAUSDT[0m
2025-09-07 19:36:51,858 - INFO - [32mGetting current price for ADAUSDT[0m
2025-09-07 19:36:51,859 - INFO - [32mCurrent price for ADAUSDT: 0.49[0m
2025-09-07 19:36:57,184 - INFO - [32mGetting current price for ADAUSDT[0m
2025-09-07 19:36:57,186 - INFO - [32mGetting recent trades for ADAUSDT[0m
2025-09-07 19:36:57,187 - INFO - [32mCurrent price for ADAUSDT: 0.51[0m
2025-09-07 19:36:57,189 - INFO - [32mRetrieved 20 recent trades for ADAUSDT[0m
2025-09-07 19:37:01,861 - INFO - [32mGetting current price for ADAUSDT[0m
2025-09-07 19:37:01,862 - INFO - [32mCurrent price for ADAUSDT: 0.50[0m
2025-09-07 19:37:07,163 - INFO - [32mGetting open orders[0m
2025-09-07 19:37:07,164 - INFO - [32mFound 0 open orders[0m
2025-09-07 19:37:07,166 - INFO - [32mAPI Call: futures_get_open_orders | Params: {'symbol': 'ADAUSDT'}[0m
2025-09-07 19:37:36,848 - INFO - [32mGetting open orders[0m
2025-09-07 19:37:36,849 - INFO - [32mFound 0 open orders[0m
2025-09-07 19:37:36,850 - INFO - [32mAPI Call: futures_get_open_orders | Params: {'symbol': 'ADAUSDT'}[0m
2025-09-07 19:37:38,172 - INFO - [32mGetting current price for ADAUSDT[0m
2025-09-07 19:37:38,172 - INFO - [32mCurrent price for ADAUSDT: 0.51[0m
2025-09-07 19:37:38,174 - INFO - [32mGetting recent trades for ADAUSDT[0m
2025-09-07 19:37:38,175 - INFO - [32mRetrieved 20 recent trades for ADAUSDT[0m
2025-09-07 19:38:06,861 - INFO - [32mGetting open orders[0m
2025-09-07 19:38:06,862 - INFO - [32mFound 0 open orders[0m
2025-09-07 19:38:06,863 - INFO - [32mAPI Call: futures_get_open_orders | Params: {'symbol': 'ADAUSDT'}[0m
2025-09-07 19:38:37,167 - INFO - [32mGetting open orders[0m
2025-09-07 19:38:37,168 - INFO - [32mFound 0 open orders[0m
2025-09-07 19:38:37,169 - INFO - [32mAPI Call: futures_get_open_orders | Params: {'symbol': 'ADAUSDT'}[0m
2025-09-07 19:38:37,862 - INFO - [32mGetting current price for ADAUSDT[0m
2025-09-07 19:38:37,863 - INFO - [32mCurrent price for ADAUSDT: 0.50[0m
2025-09-07 19:38:38,182 - INFO - [32mGetting recent trades for ADAUSDT[0m
2025-09-07 19:38:38,183 - INFO - [32mRetrieved 20 recent trades for ADAUSDT[0m
2025-09-07 19:39:38,181 - INFO - [32mGetting current price for ADAUSDT[0m
2025-09-07 19:39:38,183 - INFO - [32mGetting recent trades for ADAUSDT[0m
2025-09-07 19:39:38,184 - INFO - [32mGetting open orders[0m
2025-09-07 19:39:38,184 - INFO - [32mCurrent price for ADAUSDT: 0.50[0m
2025-09-07 19:39:38,186 - INFO - [32mRetrieved 20 recent trades for ADAUSDT[0m
2025-09-07 19:39:38,187 - INFO - [32mFound 0 open orders[0m
2025-09-07 19:39:38,193 - INFO - [32mAPI Call: futures_get_open_orders | Params: {'symbol': 'ADAUSDT'}[0m
2025-09-07 19:40:37,866 - INFO - [32mGetting current price for ADAUSDT[0m
2025-09-07 19:40:37,867 - INFO - [32mCurrent price for ADAUSDT: 0.51[0m
2025-09-07 19:40:38,185 - INFO - [32mGetting recent trades for ADAUSDT[0m
2025-09-07 19:40:38,188 - INFO - [32mGetting open orders[0m
2025-09-07 19:40:38,188 - INFO - [32mRetrieved 20 recent trades for ADAUSDT[0m
2025-09-07 19:40:38,189 - INFO - [32mFound 0 open orders[0m
2025-09-07 19:40:38,193 - INFO - [32mAPI Call: futures_get_open_orders | Params: {'symbol': 'ADAUSDT'}[0m
2025-09-07 19:41:06,902 - INFO - [32mGetting current price for ADAUSDT[0m
2025-09-07 19:41:06,903 - INFO - [32mGetting recent trades for ADAUSDT[0m
2025-09-07 19:41:06,904 - INFO - [32mCurrent price for ADAUSDT: 0.51[0m
2025-09-07 19:41:06,905 - INFO - [32mRetrieved 20 recent trades for ADAUSDT[0m
2025-09-07 19:41:07,090 - INFO - [32mGetting open orders[0m
2025-09-07 19:41:07,091 - INFO - [32mFound 0 open orders[0m
2025-09-07 19:41:07,092 - INFO - [32mAPI Call: futures_get_open_orders | Params: {'symbol': 'ADAUSDT'}[0m
2025-09-07 19:41:09,395 - INFO - [32mGetting current price for BTCUSDT[0m
2025-09-07 19:41:09,396 - INFO - [32mCurrent price for BTCUSDT: 50295.07[0m
2025-09-07 19:41:09,491 - INFO - [32mAPI Call: futures_account | Response: {'canTrade': True, 'canWithdraw': True, 'canDeposit': True, 'updateTime': 1757254269491, 'assets': [{'asset': 'USDT', 'walletBalance': '10000.00', 'unrealizedPnl': '0.00', 'marginBalance': '10000.00', 'availableBalance': '10000.00'}], 'positions': [{'symbol': 'BTCUSDT', 'positionAmt': '0.000', 'entryPrice': '0.00', 'markPrice': '0.00', 'unRealizedProfit': '0.00'}, {'symbol': 'ETHUSDT', 'positionAmt': '0.000', 'entryPrice': '0.00', 'markPrice': '0.00', 'unRealizedProfit': '0.00'}]}[0m
2025-09-07 19:41:09,492 - INFO - [32mGetting open orders[0m
2025-09-07 19:41:09,493 - INFO - [32mGetting recent trades for BTCUSDT[0m
2025-09-07 19:41:09,494 - INFO - [32mFound 0 open orders[0m
2025-09-07 19:41:09,495 - INFO - [32mRetrieved 20 recent trades for BTCUSDT[0m
2025-09-07 19:41:09,496 - INFO - [32mAPI Call: futures_get_open_orders | Params: {'symbol': 'BTCUSDT'}[0m
2025-09-07 19:41:13,835 - INFO - [32mGetting current price for BTCUSDT[0m
2025-09-07 19:41:13,836 - INFO - [32mCurrent price for BTCUSDT: 50300.57[0m
2025-09-07 19:41:15,742 - INFO - [32mGetting current price for ETHUSDT[0m
2025-09-07 19:41:15,743 - INFO - [32mGetting klines for ETHUSDT with interval 1h[0m
2025-09-07 19:41:15,744 - INFO - [32mCurrent price for ETHUSDT: 2982.67[0m
2025-09-07 19:41:15,747 - INFO - [32mRetrieved 100 klines for ETHUSDT[0m
2025-09-07 19:41:17,735 - INFO - [32mGetting current price for BTCUSDT[0m
2025-09-07 19:41:17,738 - INFO - [32mCurrent price for BTCUSDT: 49054.14[0m
2025-09-07 19:41:18,041 - INFO - [32mGetting klines for BTCUSDT with interval 1h[0m
2025-09-07 19:41:18,043 - INFO - [32mRetrieved 100 klines for BTCUSDT[0m
2025-09-07 19:41:19,135 - INFO - [32mGetting current price for BTCUSDT[0m
2025-09-07 19:41:19,138 - INFO - [32mGetting recent trades for BTCUSDT[0m
2025-09-07 19:41:19,139 - INFO - [32mCurrent price for BTCUSDT: 50718.96[0m
2025-09-07 19:41:19,141 - INFO - [32mRetrieved 20 recent trades for BTCUSDT[0m
2025-09-07 19:41:23,833 - INFO - [32mGetting current price for BTCUSDT[0m
2025-09-07 19:41:23,834 - INFO - [32mCurrent price for BTCUSDT: 50606.12[0m
2025-09-07 19:41:29,149 - INFO - [32mGetting current price for BTCUSDT[0m
2025-09-07 19:41:29,152 - INFO - [32mGetting recent trades for BTCUSDT[0m
2025-09-07 19:41:29,155 - INFO - [32mCurrent price for BTCUSDT: 49396.30[0m
2025-09-07 19:41:29,158 - INFO - [32mRetrieved 20 recent trades for BTCUSDT[0m
2025-09-07 19:41:33,863 - INFO - [32mGetting current price for BTCUSDT[0m
2025-09-07 19:41:33,864 - INFO - [32mCurrent price for BTCUSDT: 49084.73[0m
2025-09-07 19:41:39,176 - INFO - [32mGetting current price for BTCUSDT[0m
2025-09-07 19:41:39,177 - INFO - [32mGetting open orders[0m
2025-09-07 19:41:39,178 - INFO - [32mGetting recent trades for BTCUSDT[0m
2025-09-07 19:41:39,180 - INFO - [32mCurrent price for BTCUSDT: 50364.04[0m
2025-09-07 19:41:39,180 - INFO - [32mFound 0 open orders[0m
2025-09-07 19:41:39,182 - INFO - [32mRetrieved 20 recent trades for BTCUSDT[0m
2025-09-07 19:41:39,185 - INFO - [32mAPI Call: futures_get_open_orders | Params: {'symbol': 'BTCUSDT'}[0m
2025-09-07 19:41:43,821 - INFO - [32mGetting current price for BTCUSDT[0m
2025-09-07 19:41:43,822 - INFO - [32mCurrent price for BTCUSDT: 50809.49[0m
2025-09-07 19:41:49,157 - INFO - [32mGetting current price for BTCUSDT[0m
2025-09-07 19:41:49,160 - INFO - [32mGetting recent trades for BTCUSDT[0m
2025-09-07 19:41:49,160 - INFO - [32mCurrent price for BTCUSDT: 49603.35[0m
2025-09-07 19:41:49,161 - INFO - [32mRetrieved 20 recent trades for BTCUSDT[0m
2025-09-07 19:41:53,859 - INFO - [32mGetting current price for BTCUSDT[0m
2025-09-07 19:41:53,860 - INFO - [32mCurrent price for BTCUSDT: 49253.92[0m
2025-09-07 19:41:59,172 - INFO - [32mGetting current price for BTCUSDT[0m
2025-09-07 19:41:59,174 - INFO - [32mGetting recent trades for BTCUSDT[0m
2025-09-07 19:41:59,175 - INFO - [32mCurrent price for BTCUSDT: 49784.34[0m
2025-09-07 19:41:59,176 - INFO - [32mRetrieved 20 recent trades for BTCUSDT[0m
2025-09-07 19:42:03,860 - INFO - [32mGetting current price for BTCUSDT[0m
2025-09-07 19:42:03,861 - INFO - [32mCurrent price for BTCUSDT: 50773.42[0m
2025-09-07 19:42:09,179 - INFO - [32mGetting current price for BTCUSDT[0m
2025-09-07 19:42:09,181 - INFO - [32mGetting recent trades for BTCUSDT[0m
2025-09-07 19:42:09,182 - INFO - [32mGetting open orders[0m
2025-09-07 19:42:09,183 - INFO - [32mCurrent price for BTCUSDT: 49021.35[0m
2025-09-07 19:42:09,184 - INFO - [32mRetrieved 20 recent trades for BTCUSDT[0m
2025-09-07 19:42:09,185 - INFO - [32mFound 0 open orders[0m
2025-09-07 19:42:09,194 - INFO - [32mAPI Call: futures_get_open_orders | Params: {'symbol': 'BTCUSDT'}[0m
2025-09-07 19:42:13,885 - INFO - [32mGetting current price for BTCUSDT[0m
2025-09-07 19:42:13,886 - INFO - [32mCurrent price for BTCUSDT: 49835.46[0m
2025-09-07 19:42:19,233 - INFO - [32mGetting current price for BTCUSDT[0m
2025-09-07 19:42:19,236 - INFO - [32mGetting recent trades for BTCUSDT[0m
2025-09-07 19:42:19,236 - INFO - [32mCurrent price for BTCUSDT: 50355.79[0m
2025-09-07 19:42:19,237 - INFO - [32mRetrieved 20 recent trades for BTCUSDT[0m
2025-09-07 19:42:23,867 - INFO - [32mGetting current price for BTCUSDT[0m
2025-09-07 19:42:23,868 - INFO - [32mCurrent price for BTCUSDT: 49896.36[0m
2025-09-07 19:42:29,159 - INFO - [32mGetting current price for BTCUSDT[0m
2025-09-07 19:42:29,160 - INFO - [32mGetting recent trades for BTCUSDT[0m
2025-09-07 19:42:29,161 - INFO - [32mCurrent price for BTCUSDT: 50067.10[0m
2025-09-07 19:42:29,162 - INFO - [32mRetrieved 20 recent trades for BTCUSDT[0m
2025-09-07 19:42:33,863 - INFO - [32mGetting current price for BTCUSDT[0m
2025-09-07 19:42:33,864 - INFO - [32mCurrent price for BTCUSDT: 50686.30[0m
2025-09-07 19:42:39,176 - INFO - [32mGetting current price for BTCUSDT[0m
2025-09-07 19:42:39,176 - INFO - [32mGetting recent trades for BTCUSDT[0m
2025-09-07 19:42:39,178 - INFO - [32mCurrent price for BTCUSDT: 49600.97[0m
2025-09-07 19:42:39,179 - INFO - [32mGetting open orders[0m
2025-09-07 19:42:39,180 - INFO - [32mRetrieved 20 recent trades for BTCUSDT[0m
2025-09-07 19:42:39,183 - INFO - [32mFound 0 open orders[0m
2025-09-07 19:42:39,191 - INFO - [32mAPI Call: futures_get_open_orders | Params: {'symbol': 'BTCUSDT'}[0m
2025-09-07 19:42:43,861 - INFO - [32mGetting current price for BTCUSDT[0m
2025-09-07 19:42:43,862 - INFO - [32mCurrent price for BTCUSDT: 50174.83[0m
2025-09-07 19:43:09,160 - INFO - [32mGetting open orders[0m
2025-09-07 19:43:09,161 - INFO - [32mFound 0 open orders[0m
2025-09-07 19:43:09,162 - INFO - [32mAPI Call: futures_get_open_orders | Params: {'symbol': 'BTCUSDT'}[0m
2025-09-07 19:43:37,857 - INFO - [32mGetting current price for BTCUSDT[0m
2025-09-07 19:43:37,858 - INFO - [32mCurrent price for BTCUSDT: 49411.22[0m
2025-09-07 19:43:38,165 - INFO - [32mGetting recent trades for BTCUSDT[0m
2025-09-07 19:43:38,167 - INFO - [32mRetrieved 20 recent trades for BTCUSDT[0m
2025-09-07 19:43:39,161 - INFO - [32mGetting open orders[0m
2025-09-07 19:43:39,163 - INFO - [32mFound 0 open orders[0m
2025-09-07 19:43:39,164 - INFO - [32mAPI Call: futures_get_open_orders | Params: {'symbol': 'BTCUSDT'}[0m
2025-09-07 19:44:08,856 - INFO - [32mGetting open orders[0m
2025-09-07 19:44:08,857 - INFO - [32mFound 0 open orders[0m
2025-09-07 19:44:08,858 - INFO - [32mAPI Call: futures_get_open_orders | Params: {'symbol': 'BTCUSDT'}[0m
2025-09-07 19:44:38,174 - INFO - [32mGetting current price for BTCUSDT[0m
2025-09-07 19:44:38,176 - INFO - [32mGetting recent trades for BTCUSDT[0m
2025-09-07 19:44:38,177 - INFO - [32mCurrent price for BTCUSDT: 49664.19[0m
2025-09-07 19:44:38,178 - INFO - [32mRetrieved 20 recent trades for BTCUSDT[0m
2025-09-07 19:45:38,178 - INFO - [32mGetting current price for BTCUSDT[0m
2025-09-07 19:45:38,179 - INFO - [32mGetting recent trades for BTCUSDT[0m
2025-09-07 19:45:38,181 - INFO - [32mCurrent price for BTCUSDT: 50287.72[0m
2025-09-07 19:45:38,182 - INFO - [32mGetting open orders[0m
2025-09-07 19:45:38,183 - INFO - [32mRetrieved 20 recent trades for BTCUSDT[0m
2025-09-07 19:45:38,187 - INFO - [32mFound 0 open orders[0m
2025-09-07 19:45:38,191 - INFO - [32mAPI Call: futures_get_open_orders | Params: {'symbol': 'BTCUSDT'}[0m
2025-09-07 19:46:38,182 - INFO - [32mGetting current price for BTCUSDT[0m
2025-09-07 19:46:38,184 - INFO - [32mGetting recent trades for BTCUSDT[0m
2025-09-07 19:46:38,184 - INFO - [32mCurrent price for BTCUSDT: 50167.18[0m
2025-09-07 19:46:38,186 - INFO - [32mGetting open orders[0m
2025-09-07 19:46:38,187 - INFO - [32mRetrieved 20 recent trades for BTCUSDT[0m
2025-09-07 19:46:38,190 - INFO - [32mFound 0 open orders[0m
2025-09-07 19:46:38,194 - INFO - [32mAPI Call: futures_get_open_orders | Params: {'symbol': 'BTCUSDT'}[0m
2025-09-07 19:47:37,863 - INFO - [32mGetting current price for BTCUSDT[0m
2025-09-07 19:47:37,865 - INFO - [32mCurrent price for BTCUSDT: 49085.29[0m
2025-09-07 19:47:38,180 - INFO - [32mGetting recent trades for BTCUSDT[0m
2025-09-07 19:47:38,181 - INFO - [32mRetrieved 20 recent trades for BTCUSDT[0m
2025-09-07 19:47:38,183 - INFO - [32mGetting open orders[0m
2025-09-07 19:47:38,186 - INFO - [32mFound 0 open orders[0m
2025-09-07 19:47:38,187 - INFO - [32mAPI Call: futures_get_open_orders | Params: {'symbol': 'BTCUSDT'}[0m
2025-09-07 19:48:38,174 - INFO - [32mGetting current price for BTCUSDT[0m
2025-09-07 19:48:38,175 - INFO - [32mGetting recent trades for BTCUSDT[0m
2025-09-07 19:48:38,176 - INFO - [32mCurrent price for BTCUSDT: 49266.41[0m
2025-09-07 19:48:38,177 - INFO - [32mGetting open orders[0m
2025-09-07 19:48:38,178 - INFO - [32mRetrieved 20 recent trades for BTCUSDT[0m
2025-09-07 19:48:38,180 - INFO - [32mFound 0 open orders[0m
2025-09-07 19:48:38,182 - INFO - [32mAPI Call: futures_get_open_orders | Params: {'symbol': 'BTCUSDT'}[0m
2025-09-07 19:49:37,867 - INFO - [32mGetting current price for BTCUSDT[0m
2025-09-07 19:49:37,868 - INFO - [32mCurrent price for BTCUSDT: 50518.69[0m
2025-09-07 19:49:38,179 - INFO - [32mGetting recent trades for BTCUSDT[0m
2025-09-07 19:49:38,181 - INFO - [32mRetrieved 20 recent trades for BTCUSDT[0m
2025-09-07 19:49:38,182 - INFO - [32mGetting open orders[0m
2025-09-07 19:49:38,186 - INFO - [32mFound 0 open orders[0m
2025-09-07 19:49:38,187 - INFO - [32mAPI Call: futures_get_open_orders | Params: {'symbol': 'BTCUSDT'}[0m
2025-09-07 19:50:38,164 - INFO - [32mGetting current price for BTCUSDT[0m
2025-09-07 19:50:38,165 - INFO - [32mGetting recent trades for BTCUSDT[0m
2025-09-07 19:50:38,166 - INFO - [32mGetting open orders[0m
2025-09-07 19:50:38,166 - INFO - [32mCurrent price for BTCUSDT: 49850.12[0m
2025-09-07 19:50:38,169 - INFO - [32mFound 0 open orders[0m
2025-09-07 19:50:38,170 - INFO - [32mRetrieved 20 recent trades for BTCUSDT[0m
2025-09-07 19:50:38,171 - INFO - [32mAPI Call: futures_get_open_orders | Params: {'symbol': 'BTCUSDT'}[0m
2025-09-07 19:51:38,159 - INFO - [32mGetting current price for BTCUSDT[0m
2025-09-07 19:51:38,160 - INFO - [32mGetting recent trades for BTCUSDT[0m
2025-09-07 19:51:38,162 - INFO - [32mGetting open orders[0m
2025-09-07 19:51:38,163 - INFO - [32mCurrent price for BTCUSDT: 50543.82[0m
2025-09-07 19:51:38,164 - INFO - [32mRetrieved 20 recent trades for BTCUSDT[0m
2025-09-07 19:51:38,165 - INFO - [32mFound 0 open orders[0m
2025-09-07 19:51:38,174 - INFO - [32mAPI Call: futures_get_open_orders | Params: {'symbol': 'BTCUSDT'}[0m
2025-09-07 19:52:02,512 - INFO - [32mGetting current price for BTCUSDT[0m
2025-09-07 19:52:02,513 - INFO - [32mCurrent price for BTCUSDT: 50159.53[0m
2025-09-07 19:52:02,818 - INFO - [32mGetting recent trades for BTCUSDT[0m
2025-09-07 19:52:02,819 - INFO - [32mRetrieved 20 recent trades for BTCUSDT[0m
2025-09-07 19:52:04,493 - INFO - [32mGetting current price for BTCUSDT[0m
2025-09-07 19:52:04,494 - INFO - [32mCurrent price for BTCUSDT: 49941.33[0m
2025-09-07 19:52:04,733 - INFO - [32mAPI Call: futures_account | Response: {'canTrade': True, 'canWithdraw': True, 'canDeposit': True, 'updateTime': 1757254924733, 'assets': [{'asset': 'USDT', 'walletBalance': '10000.00', 'unrealizedPnl': '0.00', 'marginBalance': '10000.00', 'availableBalance': '10000.00'}], 'positions': [{'symbol': 'BTCUSDT', 'positionAmt': '0.000', 'entryPrice': '0.00', 'markPrice': '0.00', 'unRealizedProfit': '0.00'}, {'symbol': 'ETHUSDT', 'positionAmt': '0.000', 'entryPrice': '0.00', 'markPrice': '0.00', 'unRealizedProfit': '0.00'}]}[0m
2025-09-07 19:52:04,809 - INFO - [32mGetting open orders[0m
2025-09-07 19:52:04,810 - INFO - [32mGetting recent trades for BTCUSDT[0m
2025-09-07 19:52:04,811 - INFO - [32mFound 0 open orders[0m
2025-09-07 19:52:04,811 - INFO - [32mRetrieved 20 recent trades for BTCUSDT[0m
2025-09-07 19:52:04,812 - INFO - [32mAPI Call: futures_get_open_orders | Params: {'symbol': 'BTCUSDT'}[0m
2025-09-07 19:52:09,435 - INFO - [32mGetting current price for BTCUSDT[0m
2025-09-07 19:52:09,437 - INFO - [32mCurrent price for BTCUSDT: 50571.07[0m
2025-09-07 19:52:15,161 - INFO - [32mGetting current price for BTCUSDT[0m
2025-09-07 19:52:15,163 - INFO - [32mGetting recent trades for BTCUSDT[0m
2025-09-07 19:52:15,164 - INFO - [32mCurrent price for BTCUSDT: 49159.67[0m
2025-09-07 19:52:15,166 - INFO - [32mRetrieved 20 recent trades for BTCUSDT[0m
2025-09-07 19:52:19,437 - INFO - [32mGetting current price for BTCUSDT[0m
2025-09-07 19:52:19,439 - INFO - [32mCurrent price for BTCUSDT: 50634.61[0m
2025-09-07 19:52:24,751 - INFO - [32mGetting current price for BTCUSDT[0m
2025-09-07 19:52:24,754 - INFO - [32mGetting recent trades for BTCUSDT[0m
2025-09-07 19:52:24,756 - INFO - [32mCurrent price for BTCUSDT: 49300.30[0m
2025-09-07 19:52:24,758 - INFO - [32mRetrieved 20 recent trades for BTCUSDT[0m
2025-09-07 19:52:29,441 - INFO - [32mGetting current price for BTCUSDT[0m
2025-09-07 19:52:29,443 - INFO - [32mCurrent price for BTCUSDT: 50781.36[0m
2025-09-07 19:52:34,758 - INFO - [32mGetting current price for BTCUSDT[0m
2025-09-07 19:52:34,761 - INFO - [32mGetting open orders[0m
2025-09-07 19:52:34,763 - INFO - [32mGetting recent trades for BTCUSDT[0m
2025-09-07 19:52:34,765 - INFO - [32mCurrent price for BTCUSDT: 49931.16[0m
2025-09-07 19:52:34,767 - INFO - [32mFound 0 open orders[0m
2025-09-07 19:52:34,774 - INFO - [32mRetrieved 20 recent trades for BTCUSDT[0m
2025-09-07 19:52:34,781 - INFO - [32mAPI Call: futures_get_open_orders | Params: {'symbol': 'BTCUSDT'}[0m
2025-09-07 19:52:39,438 - INFO - [32mGetting current price for BTCUSDT[0m
2025-09-07 19:52:39,439 - INFO - [32mCurrent price for BTCUSDT: 50719.09[0m
2025-09-07 19:52:44,729 - INFO - [32mGetting current price for BTCUSDT[0m
2025-09-07 19:52:44,733 - INFO - [32mGetting recent trades for BTCUSDT[0m
2025-09-07 19:52:44,734 - INFO - [32mCurrent price for BTCUSDT: 49689.29[0m
2025-09-07 19:52:44,736 - INFO - [32mRetrieved 20 recent trades for BTCUSDT[0m
2025-09-07 19:52:49,439 - INFO - [32mGetting current price for BTCUSDT[0m
2025-09-07 19:52:49,440 - INFO - [32mCurrent price for BTCUSDT: 50098.06[0m
2025-09-07 19:52:54,749 - INFO - [32mGetting current price for BTCUSDT[0m
2025-09-07 19:52:54,751 - INFO - [32mCurrent price for BTCUSDT: 50485.01[0m
2025-09-07 19:52:54,752 - INFO - [32mGetting recent trades for BTCUSDT[0m
2025-09-07 19:52:54,758 - INFO - [32mRetrieved 20 recent trades for BTCUSDT[0m
2025-09-07 19:52:59,431 - INFO - [32mGetting current price for BTCUSDT[0m
2025-09-07 19:52:59,433 - INFO - [32mCurrent price for BTCUSDT: 49367.21[0m
2025-09-07 19:53:04,737 - INFO - [32mGetting current price for BTCUSDT[0m
2025-09-07 19:53:04,739 - INFO - [32mGetting recent trades for BTCUSDT[0m
2025-09-07 19:53:04,741 - INFO - [32mGetting open orders[0m
2025-09-07 19:53:04,742 - INFO - [32mCurrent price for BTCUSDT: 50092.69[0m
2025-09-07 19:53:04,743 - INFO - [32mRetrieved 20 recent trades for BTCUSDT[0m
2025-09-07 19:53:04,743 - INFO - [32mFound 0 open orders[0m
2025-09-07 19:53:04,755 - INFO - [32mAPI Call: futures_get_open_orders | Params: {'symbol': 'BTCUSDT'}[0m
2025-09-07 19:53:09,428 - INFO - [32mGetting current price for BTCUSDT[0m
2025-09-07 19:53:09,429 - INFO - [32mCurrent price for BTCUSDT: 50509.03[0m
2025-09-07 19:53:14,743 - INFO - [32mGetting current price for BTCUSDT[0m
2025-09-07 19:53:14,744 - INFO - [32mCurrent price for BTCUSDT: 49351.90[0m
2025-09-07 19:53:14,746 - INFO - [32mGetting recent trades for BTCUSDT[0m
2025-09-07 19:53:14,748 - INFO - [32mRetrieved 20 recent trades for BTCUSDT[0m
2025-09-07 21:23:22,956 - INFO - [32mGetting current price for BTCUSDT[0m
2025-09-07 21:23:22,956 - INFO - [32mCurrent price for BTCUSDT: 49972.32[0m
2025-09-07 21:23:22,957 - INFO - [32mGetting recent trades for BTCUSDT[0m
2025-09-07 21:23:22,960 - INFO - [32mGetting open orders[0m
2025-09-07 21:23:22,960 - INFO - [32mRetrieved 20 recent trades for BTCUSDT[0m
2025-09-07 21:23:22,960 - INFO - [32mFound 0 open orders[0m
2025-09-07 21:23:22,975 - INFO - [32mAPI Call: futures_get_open_orders | Params: {'symbol': 'BTCUSDT'}[0m
2025-09-07 21:23:26,392 - INFO - [32mGetting current price for BTCUSDT[0m
2025-09-07 21:23:26,413 - INFO - [32mCurrent price for BTCUSDT: 49194.74[0m
2025-09-07 21:23:26,727 - INFO - [32mGetting recent trades for BTCUSDT[0m
2025-09-07 21:23:26,742 - INFO - [32mRetrieved 20 recent trades for BTCUSDT[0m
